#
# There is insufficient memory for the Java Runtime Environment to continue.
# Native memory allocation (malloc) failed to allocate 32744 bytes for ChunkPool::allocate
# Possible reasons:
#   The system is out of physical RAM or swap space
#   In 32 bit mode, the process size limit was hit
# Possible solutions:
#   Reduce memory load on the system
#   Increase physical memory or swap space
#   Check if swap backing store is full
#   Use 64 bit Java on a 64 bit OS
#   Decrease Java heap size (-Xmx/-Xms)
#   Decrease number of Java threads
#   Decrease Java thread stack sizes (-Xss)
#   Set larger code cache with -XX:ReservedCodeCacheSize=
# This output file may be truncated or incomplete.
#
#  Out of Memory Error (allocation.cpp:273), pid=5160, tid=8252
#
# JRE version: Java(TM) SE Runtime Environment (8.0_60-b27) (build 1.8.0_60-b27)
# Java VM: Java HotSpot(TM) 64-Bit Server VM (25.60-b23 mixed mode windows-amd64 compressed oops)
# Failed to write core dump. Minidumps are not enabled by default on client versions of Windows
#

---------------  T H R E A D  ---------------

Current thread (0x0000000015585800):  JavaThread "C2 CompilerThread1" daemon [_thread_in_native, id=8252, stack(0x0000000016c60000,0x0000000016d60000)]

Stack: [0x0000000016c60000,0x0000000016d60000]
[error occurred during error reporting (printing stack bounds), id 0xc0000005]

Native frames: (J=compiled Java code, j=interpreted, Vv=VM code, C=native code)


Current CompileTask:
C2:   7847 1827       4       com.android.dx.rop.code.Rops::ropFor (771 bytes)


---------------  P R O C E S S  ---------------

Java Threads: ( => current thread )
  0x0000000016e66800 JavaThread "Service Thread" daemon [_thread_blocked, id=7716, stack(0x0000000017260000,0x0000000017360000)]
  0x000000001558b800 JavaThread "C1 CompilerThread2" daemon [_thread_blocked, id=6824, stack(0x0000000016d60000,0x0000000016e60000)]
=>0x0000000015585800 JavaThread "C2 CompilerThread1" daemon [_thread_in_native, id=8252, stack(0x0000000016c60000,0x0000000016d60000)]
  0x0000000015528000 JavaThread "C2 CompilerThread0" daemon [_thread_in_native, id=8788, stack(0x0000000016b60000,0x0000000016c60000)]
  0x0000000015526800 JavaThread "Attach Listener" daemon [_thread_blocked, id=9092, stack(0x0000000016a60000,0x0000000016b60000)]
  0x0000000015525800 JavaThread "Signal Dispatcher" daemon [_thread_blocked, id=4292, stack(0x0000000016960000,0x0000000016a60000)]
  0x0000000002e55800 JavaThread "Finalizer" daemon [_thread_blocked, id=6416, stack(0x0000000016780000,0x0000000016880000)]
  0x0000000002e4d000 JavaThread "Reference Handler" daemon [_thread_blocked, id=7188, stack(0x0000000016680000,0x0000000016780000)]
  0x0000000002d60800 JavaThread "main" [_thread_in_vm, id=1276, stack(0x0000000002b60000,0x0000000002c60000)]

Other Threads:
  0x00000000154f7000 VMThread [stack: 0x0000000016580000,0x0000000016680000] [id=8408]
  0x0000000016e6a000 WatcherThread [stack: 0x0000000017360000,0x0000000017460000] [id=3952]

VM state:not at safepoint (normal execution)

VM Mutex/Monitor currently owned by a thread: None

Heap:
 PSYoungGen      total 33280K, used 28654K [0x00000000eab00000, 0x00000000ece00000, 0x0000000100000000)
  eden space 30720K, 84% used [0x00000000eab00000,0x00000000ec47bab0,0x00000000ec900000)
  from space 2560K, 100% used [0x00000000ec900000,0x00000000ecb80000,0x00000000ecb80000)
  to   space 2560K, 0% used [0x00000000ecb80000,0x00000000ecb80000,0x00000000ece00000)
 ParOldGen       total 40960K, used 11556K [0x00000000c0000000, 0x00000000c2800000, 0x00000000eab00000)
  object space 40960K, 28% used [0x00000000c0000000,0x00000000c0b49030,0x00000000c2800000)
 Metaspace       used 6365K, capacity 7158K, committed 7296K, reserved 1056768K
  class space    used 609K, capacity 622K, committed 640K, reserved 1048576K

Card table byte_map: [0x0000000012220000,0x0000000012430000] byte_map_base: 0x0000000011c20000

Marking Bits: (ParMarkBitMap*) 0x000000005d98a5b0
 Begin Bits: [0x0000000012990000, 0x0000000013990000)
 End Bits:   [0x0000000013990000, 0x0000000014990000)

Polling page: 0x00000000029f0000

CodeCache: size=245760Kb used=7469Kb max_used=7469Kb free=238290Kb
 bounds [0x0000000002e60000, 0x00000000035b0000, 0x0000000011e60000]
 total_blobs=2071 nmethods=1801 adapters=182
 compilation: disabled (not enough contiguous free space left)

Compilation events (10 events):
Event: 7.826 Thread 0x000000001558b800 nmethod 1835 0x00000000035a9d90 code [0x00000000035a9f00, 0x00000000035aa108]
Event: 7.828 Thread 0x000000001558b800 1836       3       java.util.TreeMap::entrySet (27 bytes)
Event: 7.829 Thread 0x000000001558b800 nmethod 1836 0x00000000035acdd0 code [0x00000000035acf40, 0x00000000035ad2d0]
Event: 7.829 Thread 0x000000001558b800 1837       3       java.util.TreeMap$EntrySet::iterator (19 bytes)
Event: 7.830 Thread 0x000000001558b800 nmethod 1837 0x00000000035ad490 code [0x00000000035ad620, 0x00000000035adb30]
Event: 7.831 Thread 0x000000001558b800 1838       1       com.android.dx.dex.file.OffsettedItem::getAlignment (5 bytes)
Event: 7.831 Thread 0x000000001558b800 nmethod 1838 0x00000000035add90 code [0x00000000035adee0, 0x00000000035adff0]
Event: 7.833 Thread 0x000000001558b800 1839       1       com.android.dx.dex.file.Section::getAlignment (5 bytes)
Event: 7.833 Thread 0x000000001558b800 nmethod 1839 0x00000000035ae050 code [0x00000000035ae1a0, 0x00000000035ae2b0]
Event: 7.833 Thread 0x000000001558b800 1840       3       com.android.dx.rop.cst.CstMemberRef::hashCode (19 bytes)

GC Heap History (10 events):
Event: 2.627 GC heap before
{Heap before GC invocations=1 (full 0):
 PSYoungGen      total 17920K, used 15360K [0x00000000eab00000, 0x00000000ebf00000, 0x0000000100000000)
  eden space 15360K, 100% used [0x00000000eab00000,0x00000000eba00000,0x00000000eba00000)
  from space 2560K, 0% used [0x00000000ebc80000,0x00000000ebc80000,0x00000000ebf00000)
  to   space 2560K, 0% used [0x00000000eba00000,0x00000000eba00000,0x00000000ebc80000)
 ParOldGen       total 40960K, used 0K [0x00000000c0000000, 0x00000000c2800000, 0x00000000eab00000)
  object space 40960K, 0% used [0x00000000c0000000,0x00000000c0000000,0x00000000c2800000)
 Metaspace       used 5400K, capacity 6384K, committed 6528K, reserved 1056768K
  class space    used 592K, capacity 616K, committed 640K, reserved 1048576K
Event: 2.634 GC heap after
Heap after GC invocations=1 (full 0):
 PSYoungGen      total 17920K, used 2528K [0x00000000eab00000, 0x00000000ebf00000, 0x0000000100000000)
  eden space 15360K, 0% used [0x00000000eab00000,0x00000000eab00000,0x00000000eba00000)
  from space 2560K, 98% used [0x00000000eba00000,0x00000000ebc78020,0x00000000ebc80000)
  to   space 2560K, 0% used [0x00000000ebc80000,0x00000000ebc80000,0x00000000ebf00000)
 ParOldGen       total 40960K, used 703K [0x00000000c0000000, 0x00000000c2800000, 0x00000000eab00000)
  object space 40960K, 1% used [0x00000000c0000000,0x00000000c00afcd0,0x00000000c2800000)
 Metaspace       used 5400K, capacity 6384K, committed 6528K, reserved 1056768K
  class space    used 592K, capacity 616K, committed 640K, reserved 1048576K
}
Event: 3.485 GC heap before
{Heap before GC invocations=2 (full 0):
 PSYoungGen      total 17920K, used 17888K [0x00000000eab00000, 0x00000000ebf00000, 0x0000000100000000)
  eden space 15360K, 100% used [0x00000000eab00000,0x00000000eba00000,0x00000000eba00000)
  from space 2560K, 98% used [0x00000000eba00000,0x00000000ebc78020,0x00000000ebc80000)
  to   space 2560K, 0% used [0x00000000ebc80000,0x00000000ebc80000,0x00000000ebf00000)
 ParOldGen       total 40960K, used 703K [0x00000000c0000000, 0x00000000c2800000, 0x00000000eab00000)
  object space 40960K, 1% used [0x00000000c0000000,0x00000000c00afcd0,0x00000000c2800000)
 Metaspace       used 5912K, capacity 6832K, committed 7040K, reserved 1056768K
  class space    used 596K, capacity 616K, committed 640K, reserved 1048576K
Event: 3.496 GC heap after
Heap after GC invocations=2 (full 0):
 PSYoungGen      total 17920K, used 2538K [0x00000000eab00000, 0x00000000ebf00000, 0x0000000100000000)
  eden space 15360K, 0% used [0x00000000eab00000,0x00000000eab00000,0x00000000eba00000)
  from space 2560K, 99% used [0x00000000ebc80000,0x00000000ebefaaa0,0x00000000ebf00000)
  to   space 2560K, 0% used [0x00000000eba00000,0x00000000eba00000,0x00000000ebc80000)
 ParOldGen       total 40960K, used 2142K [0x00000000c0000000, 0x00000000c2800000, 0x00000000eab00000)
  object space 40960K, 5% used [0x00000000c0000000,0x00000000c0217a40,0x00000000c2800000)
 Metaspace       used 5912K, capacity 6832K, committed 7040K, reserved 1056768K
  class space    used 596K, capacity 616K, committed 640K, reserved 1048576K
}
Event: 4.237 GC heap before
{Heap before GC invocations=3 (full 0):
 PSYoungGen      total 17920K, used 17898K [0x00000000eab00000, 0x00000000ebf00000, 0x0000000100000000)
  eden space 15360K, 100% used [0x00000000eab00000,0x00000000eba00000,0x00000000eba00000)
  from space 2560K, 99% used [0x00000000ebc80000,0x00000000ebefaaa0,0x00000000ebf00000)
  to   space 2560K, 0% used [0x00000000eba00000,0x00000000eba00000,0x00000000ebc80000)
 ParOldGen       total 40960K, used 2142K [0x00000000c0000000, 0x00000000c2800000, 0x00000000eab00000)
  object space 40960K, 5% used [0x00000000c0000000,0x00000000c0217a40,0x00000000c2800000)
 Metaspace       used 6116K, capacity 7024K, committed 7296K, reserved 1056768K
  class space    used 600K, capacity 616K, committed 640K, reserved 1048576K
Event: 4.427 GC heap after
Heap after GC invocations=3 (full 0):
 PSYoungGen      total 17920K, used 2560K [0x00000000eab00000, 0x00000000ece00000, 0x0000000100000000)
  eden space 15360K, 0% used [0x00000000eab00000,0x00000000eab00000,0x00000000eba00000)
  from space 2560K, 100% used [0x00000000eba00000,0x00000000ebc80000,0x00000000ebc80000)
  to   space 2560K, 0% used [0x00000000ecb80000,0x00000000ecb80000,0x00000000ece00000)
 ParOldGen       total 40960K, used 4159K [0x00000000c0000000, 0x00000000c2800000, 0x00000000eab00000)
  object space 40960K, 10% used [0x00000000c0000000,0x00000000c040ff78,0x00000000c2800000)
 Metaspace       used 6116K, capacity 7024K, committed 7296K, reserved 1056768K
  class space    used 600K, capacity 616K, committed 640K, reserved 1048576K
}
Event: 4.911 GC heap before
{Heap before GC invocations=4 (full 0):
 PSYoungGen      total 17920K, used 17920K [0x00000000eab00000, 0x00000000ece00000, 0x0000000100000000)
  eden space 15360K, 100% used [0x00000000eab00000,0x00000000eba00000,0x00000000eba00000)
  from space 2560K, 100% used [0x00000000eba00000,0x00000000ebc80000,0x00000000ebc80000)
  to   space 2560K, 0% used [0x00000000ecb80000,0x00000000ecb80000,0x00000000ece00000)
 ParOldGen       total 40960K, used 4159K [0x00000000c0000000, 0x00000000c2800000, 0x00000000eab00000)
  object space 40960K, 10% used [0x00000000c0000000,0x00000000c040ff78,0x00000000c2800000)
 Metaspace       used 6221K, capacity 7088K, committed 7296K, reserved 1056768K
  class space    used 602K, capacity 616K, committed 640K, reserved 1048576K
Event: 5.095 GC heap after
Heap after GC invocations=4 (full 0):
 PSYoungGen      total 33280K, used 2560K [0x00000000eab00000, 0x00000000ece00000, 0x0000000100000000)
  eden space 30720K, 0% used [0x00000000eab00000,0x00000000eab00000,0x00000000ec900000)
  from space 2560K, 100% used [0x00000000ecb80000,0x00000000ece00000,0x00000000ece00000)
  to   space 2560K, 0% used [0x00000000ec900000,0x00000000ec900000,0x00000000ecb80000)
 ParOldGen       total 40960K, used 6692K [0x00000000c0000000, 0x00000000c2800000, 0x00000000eab00000)
  object space 40960K, 16% used [0x00000000c0000000,0x00000000c0689218,0x00000000c2800000)
 Metaspace       used 6221K, capacity 7088K, committed 7296K, reserved 1056768K
  class space    used 602K, capacity 616K, committed 640K, reserved 1048576K
}
Event: 5.794 GC heap before
{Heap before GC invocations=5 (full 0):
 PSYoungGen      total 33280K, used 33280K [0x00000000eab00000, 0x00000000ece00000, 0x0000000100000000)
  eden space 30720K, 100% used [0x00000000eab00000,0x00000000ec900000,0x00000000ec900000)
  from space 2560K, 100% used [0x00000000ecb80000,0x00000000ece00000,0x00000000ece00000)
  to   space 2560K, 0% used [0x00000000ec900000,0x00000000ec900000,0x00000000ecb80000)
 ParOldGen       total 40960K, used 6692K [0x00000000c0000000, 0x00000000c2800000, 0x00000000eab00000)
  object space 40960K, 16% used [0x00000000c0000000,0x00000000c0689218,0x00000000c2800000)
 Metaspace       used 6284K, capacity 7152K, committed 7296K, reserved 1056768K
  class space    used 602K, capacity 616K, committed 640K, reserved 1048576K
Event: 5.885 GC heap after
Heap after GC invocations=5 (full 0):
 PSYoungGen      total 33280K, used 2560K [0x00000000eab00000, 0x00000000ece00000, 0x0000000100000000)
  eden space 30720K, 0% used [0x00000000eab00000,0x00000000eab00000,0x00000000ec900000)
  from space 2560K, 100% used [0x00000000ec900000,0x00000000ecb80000,0x00000000ecb80000)
  to   space 2560K, 0% used [0x00000000ecb80000,0x00000000ecb80000,0x00000000ece00000)
 ParOldGen       total 40960K, used 11556K [0x00000000c0000000, 0x00000000c2800000, 0x00000000eab00000)
  object space 40960K, 28% used [0x00000000c0000000,0x00000000c0b49030,0x00000000c2800000)
 Metaspace       used 6284K, capacity 7152K, committed 7296K, reserved 1056768K
  class space    used 602K, capacity 616K, committed 640K, reserved 1048576K
}

Deoptimization events (10 events):
Event: 7.422 Thread 0x0000000017170800 Uncommon trap: reason=bimorphic action=maybe_recompile pc=0x0000000003514260 method=com.android.dx.cf.code.BytecodeArray.parseInstruction(ILcom/android/dx/cf/code/BytecodeArray$Visitor;)I @ 1357
Event: 7.422 Thread 0x0000000017170800 Uncommon trap: reason=bimorphic action=maybe_recompile pc=0x0000000003514260 method=com.android.dx.cf.code.BytecodeArray.parseInstruction(ILcom/android/dx/cf/code/BytecodeArray$Visitor;)I @ 1357
Event: 7.423 Thread 0x0000000017170800 Uncommon trap: reason=bimorphic action=maybe_recompile pc=0x0000000003514260 method=com.android.dx.cf.code.BytecodeArray.parseInstruction(ILcom/android/dx/cf/code/BytecodeArray$Visitor;)I @ 1357
Event: 7.423 Thread 0x0000000017170800 Uncommon trap: reason=bimorphic action=maybe_recompile pc=0x0000000003514260 method=com.android.dx.cf.code.BytecodeArray.parseInstruction(ILcom/android/dx/cf/code/BytecodeArray$Visitor;)I @ 1357
Event: 7.830 Thread 0x0000000002d60800 Uncommon trap: reason=class_check action=maybe_recompile pc=0x0000000003385f88 method=java.util.Arrays.hashCode([Ljava/lang/Object;)I @ 43
Event: 7.830 Thread 0x0000000002d60800 Uncommon trap: reason=class_check action=maybe_recompile pc=0x0000000003385f88 method=java.util.Arrays.hashCode([Ljava/lang/Object;)I @ 43
Event: 7.830 Thread 0x0000000002d60800 Uncommon trap: reason=class_check action=maybe_recompile pc=0x0000000003385f88 method=java.util.Arrays.hashCode([Ljava/lang/Object;)I @ 43
Event: 7.830 Thread 0x0000000002d60800 Uncommon trap: reason=class_check action=maybe_recompile pc=0x0000000003385f88 method=java.util.Arrays.hashCode([Ljava/lang/Object;)I @ 43
Event: 7.831 Thread 0x0000000002d60800 Uncommon trap: reason=class_check action=maybe_recompile pc=0x0000000003382628 method=java.util.Arrays.hashCode([Ljava/lang/Object;)I @ 43
Event: 7.831 Thread 0x0000000002d60800 Uncommon trap: reason=bimorphic action=maybe_recompile pc=0x00000000030fc1b8 method=java.util.HashMap.getNode(ILjava/lang/Object;)Ljava/util/HashMap$Node; @ 126

Internal exceptions (3 events):
Event: 0.718 Thread 0x0000000002d60800 Exception <a 'java/lang/NoSuchMethodError': Method sun.misc.Unsafe.defineClass(Ljava/lang/String;[BII)Ljava/lang/Class; name or signature does not match> (0x00000000eab0d1e0) thrown at [C:\re\workspace\8-2-build-windows-amd64-cygwin\jdk8u60\4407\hotspot\sr­qd%µþæ?
Event: 0.719 Thread 0x0000000002d60800 Exception <a 'java/lang/NoSuchMethodError': Method sun.misc.Unsafe.prefetchRead(Ljava/lang/Object;J)V name or signature does not match> (0x00000000eab0d4c8) thrown at [C:\re\workspace\8-2-build-windows-amd64-cygwin\jdk8u60\4407\hotspot\src\share\vm\prims\j’”)ê@
Event: 3.739 Thread 0x0000000017175800 Implicit null exception at 0x000000000318442b to 0x0000000003185b85

Events (10 events):
Event: 7.830 Thread 0x0000000002d60800 DEOPT UNPACKING pc=0x0000000002ea582a sp=0x0000000002c5e910 mode 2
Event: 7.830 Thread 0x0000000002d60800 Uncommon trap: trap_request=0xffffffde fr.pc=0x0000000003385f88
Event: 7.830 Thread 0x0000000002d60800 DEOPT PACKING pc=0x0000000003385f88 sp=0x0000000002c5e9c0
Event: 7.830 Thread 0x0000000002d60800 DEOPT UNPACKING pc=0x0000000002ea582a sp=0x0000000002c5e8f0 mode 2
Event: 7.830 Thread 0x0000000002d60800 Uncommon trap: trap_request=0xffffffde fr.pc=0x0000000003382628
Event: 7.831 Thread 0x0000000002d60800 DEOPT PACKING pc=0x0000000003382628 sp=0x0000000002c5ecb0
Event: 7.831 Thread 0x0000000002d60800 DEOPT UNPACKING pc=0x0000000002ea582a sp=0x0000000002c5ec38 mode 2
Event: 7.831 Thread 0x0000000002d60800 Uncommon trap: trap_request=0xffffffc6 fr.pc=0x00000000030fc1b8
Event: 7.831 Thread 0x0000000002d60800 DEOPT PACKING pc=0x00000000030fc1b8 sp=0x0000000002c5ee10
Event: 7.831 Thread 0x0000000002d60800 DEOPT UNPACKING pc=0x0000000002ea582a sp=0x0000000002c5ed48 mode 2


Dynamic libraries:
0x00007ff6c2320000 - 0x00007ff6c2357000 	C:\Program Files\Java\jdk1.8.0_60\bin\java.exe
0x00007ff9df8e0000 - 0x00007ff9dfaa2000 	C:\WINDOWS\SYSTEM32\ntdll.dll
0x00007ff9df6d0000 - 0x00007ff9df77d000 	C:\WINDOWS\system32\KERNEL32.DLL
0x00007ff9dc690000 - 0x00007ff9dc86d000 	C:\WINDOWS\system32\KERNELBASE.dll
0x00007ff9dd470000 - 0x00007ff9dd516000 	C:\WINDOWS\system32\ADVAPI32.dll
0x00007ff9ded90000 - 0x00007ff9dee2d000 	C:\WINDOWS\system32\msvcrt.dll
0x00007ff9dd670000 - 0x00007ff9dd6cb000 	C:\WINDOWS\system32\sechost.dll
0x00007ff9dcfb0000 - 0x00007ff9dd0d6000 	C:\WINDOWS\system32\RPCRT4.dll
0x00007ff9dd320000 - 0x00007ff9dd46e000 	C:\WINDOWS\system32\USER32.dll
0x00007ff9df090000 - 0x00007ff9df215000 	C:\WINDOWS\system32\GDI32.dll
0x00007ff9cccb0000 - 0x00007ff9ccf24000 	C:\WINDOWS\WinSxS\amd64_microsoft.windows.common-controls_6595b64144ccf1df_6.0.10240.16384_none_f41f7b285750ef43\COMCTL32.dll
0x00007ff9df030000 - 0x00007ff9df066000 	C:\WINDOWS\system32\IMM32.DLL
0x00007ff9df780000 - 0x00007ff9df8dc000 	C:\WINDOWS\system32\MSCTF.dll
0x000000005cc30000 - 0x000000005cd02000 	C:\Program Files\Java\jdk1.8.0_60\jre\bin\msvcr100.dll
0x000000005d180000 - 0x000000005da09000 	C:\Program Files\Java\jdk1.8.0_60\jre\bin\server\jvm.dll
0x00007ff9dd160000 - 0x00007ff9dd168000 	C:\WINDOWS\system32\PSAPI.DLL
0x00007ff9d1d00000 - 0x00007ff9d1d09000 	C:\WINDOWS\SYSTEM32\WSOCK32.dll
0x00007ff9decb0000 - 0x00007ff9ded19000 	C:\WINDOWS\system32\WS2_32.dll
0x00007ff9dd0e0000 - 0x00007ff9dd0e8000 	C:\WINDOWS\system32\NSI.dll
0x00007ff9da580000 - 0x00007ff9da5a3000 	C:\WINDOWS\SYSTEM32\WINMM.dll
0x00007ff9d2380000 - 0x00007ff9d238a000 	C:\WINDOWS\SYSTEM32\VERSION.dll
0x00007ff9da550000 - 0x00007ff9da57c000 	C:\WINDOWS\SYSTEM32\WINMMBASE.dll
0x00007ff9dc930000 - 0x00007ff9dc974000 	C:\WINDOWS\system32\cfgmgr32.dll
0x00007ff9dac80000 - 0x00007ff9daca7000 	C:\WINDOWS\SYSTEM32\DEVOBJ.dll
0x000000005d170000 - 0x000000005d17f000 	C:\Program Files\Java\jdk1.8.0_60\jre\bin\verify.dll
0x000000005d140000 - 0x000000005d169000 	C:\Program Files\Java\jdk1.8.0_60\jre\bin\java.dll
0x000000005d120000 - 0x000000005d136000 	C:\Program Files\Java\jdk1.8.0_60\jre\bin\zip.dll
0x00007ff9dd6d0000 - 0x00007ff9debf3000 	C:\WINDOWS\system32\SHELL32.dll
0x00007ff9dc980000 - 0x00007ff9dcfa9000 	C:\WINDOWS\system32\windows.storage.dll
0x00007ff9df450000 - 0x00007ff9df6cc000 	C:\WINDOWS\system32\combase.dll
0x00007ff9dee30000 - 0x00007ff9dee81000 	C:\WINDOWS\system32\shlwapi.dll
0x00007ff9dc360000 - 0x00007ff9dc36f000 	C:\WINDOWS\system32\kernel.appcore.dll
0x00007ff9dc870000 - 0x00007ff9dc923000 	C:\WINDOWS\system32\shcore.dll
0x00007ff9dc310000 - 0x00007ff9dc35a000 	C:\WINDOWS\system32\powrprof.dll
0x00007ff9dc390000 - 0x00007ff9dc3a3000 	C:\WINDOWS\system32\profapi.dll

VM Arguments:
jvm_args: -Djava.awt.headless=true -Xmx1024M -Dfile.encoding=windows-1252 -Duser.country=US -Duser.language=en -Duser.variant 
java_command: com.android.dx.command.Main --dex --num-threads=4 --output C:\Users\RMBLESSED\AndroidStudioProjects\FitnessMonitor\app\build\intermediates\pre-dexed\debug\internal_impl-23.4.0_35fef3691ada775a657bb3dde346590102e1e81f.jar C:\Users\RMBLESSED\AndroidStudioProjects\FitnessMonitor\app\build\intermediates\exploded-aar\com.android.support\support-v4\23.4.0\jars\libs\internal_impl-23.4.0.jar
java_class_path (initial): C:\Users\RMBLESSED\AppData\Local\Android\sdk\build-tools\23.0.3\lib\dx.jar
Launcher Type: SUN_STANDARD

Environment Variables:
JAVA_HOME=C:\Program Files\Java\jdk1.8.0_60
PATH=C:\ProgramData\Oracle\Java\javapath;C:\WINDOWS\system32;C:\WINDOWS;C:\WINDOWS\System32\Wbem;C:\WINDOWS\System32\WindowsPowerShell\v1.0\;C:\Program Files\Java\jdk1.8.0_60\bin;C:\Program Files (x86)\FreeArc\bin
USERNAME=RMBLESSED
OS=Windows_NT
PROCESSOR_IDENTIFIER=Intel64 Family 6 Model 37 Stepping 2, GenuineIntel



---------------  S Y S T E M  ---------------

OS: Windows 10.0 , 64 bit Build 10240 (10.0.10240.16384)

CPU:total 4 (2 cores per cpu, 2 threads per core) family 6 model 37 stepping 2, cmov, cx8, fxsr, mmx, sse, sse2, sse3, ssse3, sse4.1, sse4.2, popcnt, ht, tsc, tscinvbit

Memory: 4k page, physical 3857164k(182508k free), swap 6974628k(1892k free)

vm_info: Java HotSpot(TM) 64-Bit Server VM (25.60-b23) for windows-amd64 JRE (1.8.0_60-b27), built on Aug  4 2015 11:06:27 by "java_re" with MS VC++ 10.0 (VS2010)

time: Thu Sep 29 14:24:37 2016
elapsed time: 7 seconds (0d 0h 0m 7s)

